********************************************************************************
DUPLICATOR-LITE PACKAGE-LOG: November 11, 2020 10:42 am
NOTICE: Do NOT post to public sites or forums 
********************************************************************************
VERSION:	1.3.38
WORDPRESS:	5.5.3
PHP INFO:	7.3.11 | SAPI: apache2handler
SERVER:		Apache/2.4.41 (Win64) OpenSSL/1.1.1c PHP/7.3.11 
PHP TIME LIMIT: (0) no time limit imposed 
PHP MAX MEMORY: 4294967296 (512M default) 
MEMORY STACK: 8MB

********************************************************************************
DATABASE:
********************************************************************************
BUILD MODE:   MYSQLDUMP
MYSQLTIMEOUT: 5000
MYSQLDUMP:    Is Supported
SQL CREATED: 20201111_sdgimpactawards_78319898b34354516475_20201111104218_database.sql
SQL FILE SIZE: 1MB (1052995)
SQL FILE TIME: 2020-11-11 10:42:44
SQL RUNTIME: 9.10 sec.

********************************************************************************
ARCHIVE (ZIP):
********************************************************************************
ARCHIVE DIR:  C:/xampp/htdocs/sdgimpactawards
ARCHIVE FILE: 20201111_sdgimpactawards_78319898b34354516475_20201111104218_archive.zip
FILTERS: *OFF*
DIRS:
	not set
FILES:
	not set
EXTS:  not set
----------------------------------------
COMPRESSING
SIZE:	112.24MB
STATS:	Dirs 753 | Files 5,140
SQL ADDED: 20201111_sdgimpactawards_78319898b34354516475_20201111104218_database.sql
ZipArchive Object
(
    [status] => 0
    [statusSys] => 0
    [numFiles] => 5893
    [filename] => C:\xampp\htdocs\sdgimpactawards\wp-content\backups-dup-lite\tmp\20201111_sdgimpactawards_78319898b34354516475_20201111104218_archive.zip
    [comment] => 
)

FILE ADDED TO ZIP: 5892
COMPRESSION RESULT: '1'
COMPRESSED SIZE: 50.77MB
ARCHIVE RUNTIME: 203.21 sec.
MEMORY STACK: 10MB
building installer
add_extra_files1
add_extra_files2
add_extra_files3
add_extra_files4
Doing archive file check
add_extra_files5
add_extra_files6
add_extra_files8
Successfully opened zip C:/xampp/htdocs/sdgimpactawards/wp-content/backups-dup-lite/tmp/20201111_sdgimpactawards_78319898b34354516475_20201111104218_archive.zip
Adding enhanced installer files to archive using ZipArchive
Installer files added to archive
Added to archive
After ziparchive close when adding installer

********************************************************************************
INTEGRITY CHECKS:
********************************************************************************
SQL FILE: 1MB
INSTALLER FILE: 61.32KB
ARCHIVE FILE: 52.27MB 
EXPECTED FILE/DIRECTORY COUNT: 5,893
ACTUAL FILE/DIRECTORY COUNT: 5,892
ARCHIVE CONSISTENCY TEST: Pass

********************************************************************************
RECORD ID:[1]
TOTAL PROCESS RUNTIME: 215.42 sec.
PEAK PHP MEMORY USED: 12MB
DONE PROCESSING => 20201111_sdgimpactawards November 11, 2020 10:46 am

